{"level":"\u001b[32minfo\u001b[39m","message":"app is up and running on port 3030","timestamp":"2023-11-07T11:32:56.864Z"}
{"level":"\u001b[32minfo\u001b[39m","message":"connecting to mongodb isntance ...","timestamp":"2023-11-07T11:32:56.867Z"}
{"level":"\u001b[32minfo\u001b[39m","message":"connected successfully .. ","timestamp":"2023-11-07T11:32:56.897Z"}
{"level":"\u001b[32minfo\u001b[39m","message":"app is up and running on port 3030","timestamp":"2023-11-07T11:33:26.489Z"}
{"level":"\u001b[32minfo\u001b[39m","message":"connecting to mongodb isntance ...","timestamp":"2023-11-07T11:33:26.492Z"}
{"level":"\u001b[32minfo\u001b[39m","message":"connected successfully .. ","timestamp":"2023-11-07T11:33:26.520Z"}
{"level":"\u001b[32minfo\u001b[39m","message":"app is up and running on port 3030","timestamp":"2023-11-07T11:33:38.378Z"}
{"level":"\u001b[32minfo\u001b[39m","message":"connecting to mongodb isntance ...","timestamp":"2023-11-07T11:33:38.381Z"}
{"level":"\u001b[32minfo\u001b[39m","message":"connected successfully .. ","timestamp":"2023-11-07T11:33:38.412Z"}
{"level":"\u001b[32minfo\u001b[39m","message":"app is up and running on port 3030","timestamp":"2023-11-07T11:39:05.873Z"}
{"level":"\u001b[32minfo\u001b[39m","message":"connecting to mongodb isntance ...","timestamp":"2023-11-07T11:39:05.876Z"}
{"level":"\u001b[32minfo\u001b[39m","message":"connected successfully .. ","timestamp":"2023-11-07T11:39:05.906Z"}
{"level":"\u001b[32minfo\u001b[39m","message":"setup the endpoint routing ...","timestamp":"2023-11-07T11:39:05.906Z"}
{"level":"\u001b[32minfo\u001b[39m","message":"app is up and running on port 3030","timestamp":"2023-11-07T11:39:06.998Z"}
{"level":"\u001b[32minfo\u001b[39m","message":"connecting to mongodb isntance ...","timestamp":"2023-11-07T11:39:07.001Z"}
{"level":"\u001b[32minfo\u001b[39m","message":"connected successfully .. ","timestamp":"2023-11-07T11:39:07.035Z"}
{"level":"\u001b[32minfo\u001b[39m","message":"setup the endpoint routing ... ","timestamp":"2023-11-07T11:39:07.036Z"}
{"level":"\u001b[32minfo\u001b[39m","message":"app is up and running on port 3030","timestamp":"2023-11-07T11:39:16.757Z"}
{"level":"\u001b[32minfo\u001b[39m","message":"connecting to mongodb isntance ... ","timestamp":"2023-11-07T11:39:16.759Z"}
{"level":"\u001b[32minfo\u001b[39m","message":"connected successfully .. ","timestamp":"2023-11-07T11:39:16.817Z"}
{"level":"\u001b[32minfo\u001b[39m","message":"app is up and running on port 3030","timestamp":"2023-11-07T11:39:21.066Z"}
{"level":"\u001b[32minfo\u001b[39m","message":"connecting to mongodb isntance ... ","timestamp":"2023-11-07T11:39:21.068Z"}
{"level":"\u001b[32minfo\u001b[39m","message":"connected successfully .. ","timestamp":"2023-11-07T11:39:21.094Z"}
{"level":"\u001b[32minfo\u001b[39m","message":"setup the endpoint routing ... ","timestamp":"2023-11-07T11:39:21.095Z"}
